#
# A fatal error has been detected by the Java Runtime Environment:
#
#  EXCEPTION_ACCESS_VIOLATION (0xc0000005) at pc=0x00007ffc54f7800c, pid=20836, tid=20680
#
# JRE version: Java(TM) SE Runtime Environment (15.0.2+7) (build 15.0.2+7-27)
# Java VM: Java HotSpot(TM) 64-Bit Server VM (15.0.2+7-27, mixed mode, sharing, tiered, compressed oops, g1 gc, windows-amd64)
# Problematic frame:
# V  [jvm.dll+0x6a800c]
#
# No core dump will be written. Minidumps are not enabled by default on client versions of Windows
#
# If you would like to submit a bug report, please visit:
#   https://bugreport.java.com/bugreport/crash.jsp
#

---------------  S U M M A R Y ------------

Command Line: -XX:+ShowCodeDetailsInExceptionMessages -agentlib:jdwp=transport=dt_socket,suspend=y,address=localhost:64491 -ea -javaagent:C:\Users\aelmouss\eclipse\java-2021-09\eclipse\configuration\org.eclipse.osgi\222\0\.cp\lib\javaagent-shaded.jar -Dfile.encoding=UTF-8 org.eclipse.jdt.internal.junit.runner.RemoteTestRunner -version 3 -port 64490 -testLoaderClass org.eclipse.jdt.internal.junit5.runner.JUnit5TestLoader -loaderpluginname org.eclipse.jdt.junit5.runtime -test com.ccsw.bidoffice.offer.OfferIT:modifyStatusWithValidStatusChangeShouldOffer -uniqueId [engine:junit-jupiter]/[class:com.ccsw.bidoffice.offer.OfferIT]/[method:modifyStatusWithValidStatusChangeShouldOffer()]

Host: Intel(R) Core(TM) i5-8365U CPU @ 1.60GHz, 8 cores, 7G,  Windows 10 , 64 bit Build 19041 (10.0.19041.1889)
Time: Mon Sep 12 11:07:27 2022 Romance Daylight Time elapsed time: 627.417369 seconds (0d 0h 10m 27s)

---------------  T H R E A D  ---------------

Current thread (0x000001d3a2283550):  JavaThread "JDWP Transport Listener: dt_socket" daemon [_thread_in_vm, id=20680, stack(0x0000005ce3200000,0x0000005ce3300000)] _threads_hazard_ptr=0x000001d3a912fa50

Stack: [0x0000005ce3200000,0x0000005ce3300000],  sp=0x0000005ce32fe5a0,  free space=1017k
Native frames: (J=compiled Java code, j=interpreted, Vv=VM code, C=native code)
V  [jvm.dll+0x6a800c]
V  [jvm.dll+0x2fff3f]
V  [jvm.dll+0x302055]
V  [jvm.dll+0x3026ce]
V  [jvm.dll+0x2ffd7f]
V  [jvm.dll+0x2ff02a]
V  [jvm.dll+0x619ec0]
V  [jvm.dll+0x619ba3]
V  [jvm.dll+0x5df278]
V  [jvm.dll+0x77876f]
V  [jvm.dll+0x4f02e1]
V  [jvm.dll+0x7882b5]
V  [jvm.dll+0x4d40ea]
V  [jvm.dll+0x49526b]
C  [jdwp.dll+0x796b]


siginfo: EXCEPTION_ACCESS_VIOLATION (0xc0000005), reading address 0x0000000000000004


Register to memory mapping:

RIP=0x00007ffc54f7800c jvm.dll
RAX=0x0 is NULL
RBX=0x0 is NULL
RCX=0x0000005ce32fe5c0 is pointing into the stack for thread: 0x000001d3a2283550
RDX=0x000000000000a329 is an unknown value
RSP=0x0000005ce32fe5a0 is pointing into the stack for thread: 0x000001d3a2283550
RBP=0x0000005ce32fe700 is pointing into the stack for thread: 0x000001d3a2283550
RSI=0x0 is NULL
RDI=0x0000005ce32fed10 is pointing into the stack for thread: 0x000001d3a2283550
R8 =0x0 is NULL
R9 =0x000001d3a1c4ddb0 is pointing into metadata
R10=0x00007ffc548d0000 jvm.dll
R11={method} {0x000001d3a1c502f0} 'modifyStatusWithValidStatusChangeShouldOffer' '()V' in 'com/ccsw/bidoffice/offer/OfferIT'
R12=0x00007ffc548d0000 jvm.dll
R13=0x000001d3b05aeb30 points into unknown readable memory: 0x0000000055138000 | 00 80 13 55 00 00 00 00
R14=0x0000005ce32fe630 is pointing into the stack for thread: 0x000001d3a2283550
R15=0x00000000000000c1 is an unknown value


Registers:
RAX=0x0000000000000000, RBX=0x0000000000000000, RCX=0x0000005ce32fe5c0, RDX=0x000000000000a329
RSP=0x0000005ce32fe5a0, RBP=0x0000005ce32fe700, RSI=0x0000000000000000, RDI=0x0000005ce32fed10
R8 =0x0000000000000000, R9 =0x000001d3a1c4ddb0, R10=0x00007ffc548d0000, R11=0x000001d3a1c502e8
R12=0x00007ffc548d0000, R13=0x000001d3b05aeb30, R14=0x0000005ce32fe630, R15=0x00000000000000c1
RIP=0x00007ffc54f7800c, EFLAGS=0x0000000000010246

Top of Stack: (sp=0x0000005ce32fe5a0)
0x0000005ce32fe5a0:   0000000000000000 0000000000000001
0x0000005ce32fe5b0:   0000005ce32fed10 0000000000000000
0x0000005ce32fe5c0:   0000000000000000 00007ffc54ade9be
0x0000005ce32fe5d0:   0000000000000000 0000000000000001
0x0000005ce32fe5e0:   00000008004000a0 0000000000000000
0x0000005ce32fe5f0:   000001d3a1c5024f 00007ffc54bcff3f
0x0000005ce32fe600:   0000000000000000 0000000000000000
0x0000005ce32fe610:   0000000000000000 0000000000000000
0x0000005ce32fe620:   0000000000000000 0000000000000000
0x0000005ce32fe630:   0000000000000000 0000000000000063
0x0000005ce32fe640:   0000000000000000 0000005ce32fe688
0x0000005ce32fe650:   0000000000000000 0000000800405df0
0x0000005ce32fe660:   0000001500000014 0000000000000015
0x0000005ce32fe670:   000000030000000e 00000008004000a0
0x0000005ce32fe680:   0000000000000000 0000000000000000
0x0000005ce32fe690:   0000000000000000 0000000000000000 

Instructions: (pc=0x00007ffc54f7800c)
0x00007ffc54f77f0c:   47 1c 03 00 00 00 44 89 47 0c 44 89 47 08 44 3b
0x00007ffc54f77f1c:   c3 7c 17 c7 47 1c ff ff ff ff 48 8b 5c 24 30 48
0x00007ffc54f77f2c:   8b 74 24 38 48 83 c4 20 5f c3 0f be 4c 30 07 e8
0x00007ffc54f77f3c:   e0 fb ff ff 48 83 c6 06 89 47 18 83 e8 0c 74 50
0x00007ffc54f77f4c:   83 f8 01 75 34 49 63 c0 48 3b c3 7d 18 0f 1f 80
0x00007ffc54f77f5c:   00 00 00 00 80 3c 30 5b 75 0b 41 ff c0 48 ff c0
0x00007ffc54f77f6c:   48 3b c3 7c ef 49 63 c8 41 8b c0 2b 47 0c 48 03
0x00007ffc54f77f7c:   ce 89 47 14 80 39 4c 74 1d 41 8d 58 01 89 5f 0c
0x00007ffc54f77f8c:   48 8b 5c 24 30 48 8b 74 24 38 48 83 c4 20 5f c3
0x00007ffc54f77f9c:   49 63 c8 48 03 ce 8b c3 ba 3b 00 00 00 41 2b c0
0x00007ffc54f77fac:   4c 63 c0 e8 cc 1d 13 00 48 85 c0 74 06 8b d8 2b
0x00007ffc54f77fbc:   de ff c3 48 8b 74 24 38 89 5f 0c 48 8b 5c 24 30
0x00007ffc54f77fcc:   48 83 c4 20 5f c3 cc cc cc cc cc cc cc cc cc cc
0x00007ffc54f77fdc:   cc cc cc cc 41 56 48 83 ec 50 83 79 08 63 4c 8b
0x00007ffc54f77fec:   f1 0f 85 d3 00 00 00 48 8b 01 48 8d 4c 24 20 48
0x00007ffc54f77ffc:   89 44 24 20 48 89 5c 24 60 33 db 48 89 74 24 68
0x00007ffc54f7800c:   0f b7 40 04 89 44 24 30 48 8b 05 0d 02 42 00 48
0x00007ffc54f7801c:   89 44 24 40 c7 44 24 3c 01 00 00 00 c7 44 24 2c
0x00007ffc54f7802c:   01 00 00 00 c7 44 24 28 01 00 00 00 89 5c 24 34
0x00007ffc54f7803c:   48 89 5c 24 48 e8 7a fe ff ff 48 8d 4c 24 20 e8
0x00007ffc54f7804c:   b0 00 00 00 8b 44 24 38 48 8b 4c 24 40 41 89 46
0x00007ffc54f7805c:   08 e8 ee e9 04 00 48 8b 74 24 48 48 85 f6 74 45
0x00007ffc54f7806c:   39 1e 7e 41 48 89 7c 24 70 8b fb 66 0f 1f 84 00
0x00007ffc54f7807c:   00 00 00 00 48 8b 4e 18 48 8b 0c 39 e8 c3 e9 04
0x00007ffc54f7808c:   00 ff c3 48 8d 7f 08 3b 1e 7c e9 41 8b 46 08 48
0x00007ffc54f7809c:   8b 7c 24 70 48 8b 5c 24 60 48 8b 74 24 68 48 83
0x00007ffc54f780ac:   c4 50 41 5e c3 41 8b 46 08 48 8b 5c 24 60 48 8b
0x00007ffc54f780bc:   74 24 68 48 83 c4 50 41 5e c3 8b 41 08 48 83 c4
0x00007ffc54f780cc:   50 41 5e c3 48 8d 42 ff 48 83 f8 fd 77 14 48 3b
0x00007ffc54f780dc:   51 10 74 19 48 89 51 10 48 d1 ea 83 e2 0f 89 51
0x00007ffc54f780ec:   08 c3 48 89 51 10 c7 41 08 63 00 00 00 c3 cc cc
0x00007ffc54f780fc:   cc cc cc cc 40 53 48 83 ec 20 8b 41 1c 48 8b d9 


Stack slot to memory mapping:
stack at sp + 0 slots: 0x0 is NULL
stack at sp + 1 slots: 0x0000000000000001 is an unknown value
stack at sp + 2 slots: 0x0000005ce32fed10 is pointing into the stack for thread: 0x000001d3a2283550
stack at sp + 3 slots: 0x0 is NULL
stack at sp + 4 slots: 0x0 is NULL
stack at sp + 5 slots: 0x00007ffc54ade9be jvm.dll
stack at sp + 6 slots: 0x0 is NULL
stack at sp + 7 slots: 0x0000000000000001 is an unknown value


---------------  P R O C E S S  ---------------

Threads class SMR info:
_java_thread_list=0x000001d3a912fa50, length=31, elements={
0x000001d380c45780, 0x000001d3a176f910, 0x000001d3a1770b90, 0x000001d3a1786cc0,
0x000001d3a178b6a0, 0x000001d3a178c800, 0x000001d3a17925b0, 0x000001d3a1799f10,
0x000001d3a20c0060, 0x000001d3a2161310, 0x000001d3a2283550, 0x000001d3a2284010,
0x000001d3a2351da0, 0x000001d3a2d2fce0, 0x000001d3a32e4010, 0x000001d3a5c09550,
0x000001d3a5c0b700, 0x000001d3a5c08bb0, 0x000001d3a5c07d40, 0x000001d3a5c06530,
0x000001d3a5c0ad60, 0x000001d3a5c06a00, 0x000001d3a5c0bbd0, 0x000001d3a5c05b90,
0x000001d3a5c08210, 0x000001d3a5c04d20, 0x000001d3a5c086e0, 0x000001d3a5c09a20,
0x000001d3a5c09080, 0x000001d3a5c06060, 0x000001d3a5c0a3c0
}

Java Threads: ( => current thread )
  0x000001d380c45780 JavaThread "main" [_thread_blocked, id=9692, stack(0x0000005ce2100000,0x0000005ce2200000)]
  0x000001d3a176f910 JavaThread "Reference Handler" daemon [_thread_blocked, id=19060, stack(0x0000005ce2800000,0x0000005ce2900000)]
  0x000001d3a1770b90 JavaThread "Finalizer" daemon [_thread_blocked, id=12392, stack(0x0000005ce2900000,0x0000005ce2a00000)]
  0x000001d3a1786cc0 JavaThread "Signal Dispatcher" daemon [_thread_blocked, id=420, stack(0x0000005ce2a00000,0x0000005ce2b00000)]
  0x000001d3a178b6a0 JavaThread "Attach Listener" daemon [_thread_blocked, id=988, stack(0x0000005ce2b00000,0x0000005ce2c00000)]
  0x000001d3a178c800 JavaThread "Service Thread" daemon [_thread_blocked, id=20648, stack(0x0000005ce2c00000,0x0000005ce2d00000)]
  0x000001d3a17925b0 JavaThread "C2 CompilerThread0" daemon [_thread_blocked, id=15140, stack(0x0000005ce2d00000,0x0000005ce2e00000)]
  0x000001d3a1799f10 JavaThread "C1 CompilerThread0" daemon [_thread_blocked, id=19668, stack(0x0000005ce2e00000,0x0000005ce2f00000)]
  0x000001d3a20c0060 JavaThread "Sweeper thread" daemon [_thread_blocked, id=13356, stack(0x0000005ce2f00000,0x0000005ce3000000)]
  0x000001d3a2161310 JavaThread "Common-Cleaner" daemon [_thread_blocked, id=10736, stack(0x0000005ce3000000,0x0000005ce3100000)]
=>0x000001d3a2283550 JavaThread "JDWP Transport Listener: dt_socket" daemon [_thread_in_vm, id=20680, stack(0x0000005ce3200000,0x0000005ce3300000)]
  0x000001d3a2284010 JavaThread "JDWP Event Helper Thread" daemon [_thread_blocked, id=624, stack(0x0000005ce3300000,0x0000005ce3400000)]
  0x000001d3a2351da0 JavaThread "JDWP Command Reader" daemon [_thread_in_native, id=16056, stack(0x0000005ce3400000,0x0000005ce3500000)]
  0x000001d3a2d2fce0 JavaThread "Notification Thread" daemon [_thread_blocked, id=18536, stack(0x0000005ce3500000,0x0000005ce3600000)]
  0x000001d3a32e4010 JavaThread "ReaderThread" [_thread_in_native, id=20872, stack(0x0000005ce3800000,0x0000005ce3900000)]
  0x000001d3a5c09550 JavaThread "HikariPool-2 housekeeper" daemon [_thread_blocked, id=19644, stack(0x0000005ce3c00000,0x0000005ce3d00000)]
  0x000001d3a5c0b700 JavaThread "Catalina-utility-1" [_thread_blocked, id=6036, stack(0x0000005ce4000000,0x0000005ce4100000)]
  0x000001d3a5c08bb0 JavaThread "Catalina-utility-2" [_thread_blocked, id=18196, stack(0x0000005ce4100000,0x0000005ce4200000)]
  0x000001d3a5c07d40 JavaThread "container-0" [_thread_blocked, id=496, stack(0x0000005ce4200000,0x0000005ce4300000)]
  0x000001d3a5c06530 JavaThread "http-nio-auto-2-exec-1" daemon [_thread_blocked, id=2216, stack(0x0000005ce4500000,0x0000005ce4600000)]
  0x000001d3a5c0ad60 JavaThread "http-nio-auto-2-exec-2" daemon [_thread_blocked, id=12076, stack(0x0000005ce4600000,0x0000005ce4700000)]
  0x000001d3a5c06a00 JavaThread "http-nio-auto-2-exec-3" daemon [_thread_blocked, id=13156, stack(0x0000005ce4700000,0x0000005ce4800000)]
  0x000001d3a5c0bbd0 JavaThread "http-nio-auto-2-exec-4" daemon [_thread_blocked, id=21344, stack(0x0000005ce4800000,0x0000005ce4900000)]
  0x000001d3a5c05b90 JavaThread "http-nio-auto-2-exec-5" daemon [_thread_blocked, id=16944, stack(0x0000005ce4900000,0x0000005ce4a00000)]
  0x000001d3a5c08210 JavaThread "http-nio-auto-2-exec-6" daemon [_thread_blocked, id=19648, stack(0x0000005ce4a00000,0x0000005ce4b00000)]
  0x000001d3a5c04d20 JavaThread "http-nio-auto-2-exec-7" daemon [_thread_blocked, id=20900, stack(0x0000005ce4b00000,0x0000005ce4c00000)]
  0x000001d3a5c086e0 JavaThread "http-nio-auto-2-exec-8" daemon [_thread_blocked, id=19600, stack(0x0000005ce4c00000,0x0000005ce4d00000)]
  0x000001d3a5c09a20 JavaThread "http-nio-auto-2-exec-9" daemon [_thread_blocked, id=20412, stack(0x0000005ce4d00000,0x0000005ce4e00000)]
  0x000001d3a5c09080 JavaThread "http-nio-auto-2-exec-10" daemon [_thread_blocked, id=18628, stack(0x0000005ce4e00000,0x0000005ce4f00000)]
  0x000001d3a5c06060 JavaThread "http-nio-auto-2-Poller" daemon [_thread_in_native, id=20092, stack(0x0000005ce4f00000,0x0000005ce5000000)]
  0x000001d3a5c0a3c0 JavaThread "http-nio-auto-2-Acceptor" daemon [_thread_in_native, id=8180, stack(0x0000005ce5000000,0x0000005ce5100000)]

Other Threads:
  0x000001d3a176a9c0 VMThread "VM Thread" [stack: 0x0000005ce2700000,0x0000005ce2800000] [id=21328]
  0x000001d380c4ae90 WatcherThread [stack: 0x0000005ce3600000,0x0000005ce3700000] [id=10348]
  0x000001d382db0a50 GCTaskThread "GC Thread#0" [stack: 0x0000005ce2200000,0x0000005ce2300000] [id=10716]
  0x000001d3a2c3d730 GCTaskThread "GC Thread#1" [stack: 0x0000005ce3900000,0x0000005ce3a00000] [id=18112]
  0x000001d3a2c3b750 GCTaskThread "GC Thread#2" [stack: 0x0000005ce3a00000,0x0000005ce3b00000] [id=8548]
  0x000001d3a2c3a430 GCTaskThread "GC Thread#3" [stack: 0x0000005ce3b00000,0x0000005ce3c00000] [id=7400]
  0x000001d3a2c3da60 GCTaskThread "GC Thread#4" [stack: 0x0000005ce3d00000,0x0000005ce3e00000] [id=1628]
  0x000001d3a2c3d0d0 GCTaskThread "GC Thread#5" [stack: 0x0000005ce3e00000,0x0000005ce3f00000] [id=12608]
  0x000001d3a70aa940 GCTaskThread "GC Thread#6" [stack: 0x0000005ce4300000,0x0000005ce4400000] [id=12596]
  0x000001d3a70adc40 GCTaskThread "GC Thread#7" [stack: 0x0000005ce4400000,0x0000005ce4500000] [id=10948]
  0x000001d382dc44d0 ConcurrentGCThread "G1 Main Marker" [stack: 0x0000005ce2300000,0x0000005ce2400000] [id=14964]
  0x000001d382dc6b50 ConcurrentGCThread "G1 Conc#0" [stack: 0x0000005ce2400000,0x0000005ce2500000] [id=12580]
  0x000001d3a2c3aa90 ConcurrentGCThread "G1 Conc#1" [stack: 0x0000005ce3f00000,0x0000005ce4000000] [id=7024]
  0x000001d382e1dee0 ConcurrentGCThread "G1 Refine#0" [stack: 0x0000005ce2500000,0x0000005ce2600000] [id=1868]
  0x000001d382e1e890 ConcurrentGCThread "G1 Young RemSet Sampling" [stack: 0x0000005ce2600000,0x0000005ce2700000] [id=8432]

Threads with active compile tasks:

VM state: not at safepoint (normal execution)

VM Mutex/Monitor currently owned by a thread: None

Heap address: 0x0000000083000000, size: 2000 MB, Compressed Oops mode: 32-bit
CDS archive(s) mapped at: [0x0000000800000000-0x0000000800b50000-0x0000000800b50000), size 11862016, SharedBaseAddress: 0x0000000800000000, ArchiveRelocationMode: 0.
Compressed class space mapped at: 0x0000000800b50000-0x0000000840b50000, size: 1073741824
Narrow klass base: 0x0000000800000000, Narrow klass shift: 3, Narrow klass range: 0x100000000

GC Precious Log:
 CPUs: 8 total, 8 available
 Memory: 7998M
 Large Page Support: Disabled
 NUMA Support: Disabled
 Compressed Oops: Enabled (32-bit)
 Heap Region Size: 1M
 Heap Min Capacity: 8M
 Heap Initial Capacity: 126M
 Heap Max Capacity: 2000M
 Pre-touch: Disabled
 Parallel Workers: 8
 Concurrent Workers: 2
 Concurrent Refinement Workers: 8
 Periodic GC: Disabled

Heap:
 garbage-first heap   total 147456K, used 95695K [0x0000000083000000, 0x0000000100000000)
  region size 1024K, 48 young (49152K), 5 survivors (5120K)
 Metaspace       used 76863K, capacity 77622K, committed 77804K, reserved 1118208K
  class space    used 9439K, capacity 9679K, committed 9804K, reserved 1048576K

Heap Regions: E=young(eden), S=young(survivor), O=old, HS=humongous(starts), HC=humongous(continues), CS=collection set, F=free, OA=open archive, CA=closed archive, TAMS=top-at-mark-start (previous, next)
|   0|0x0000000083000000, 0x0000000083100000, 0x0000000083100000|100%|HS|  |TAMS 0x0000000083100000, 0x0000000083000000| Complete 
|   1|0x0000000083100000, 0x0000000083200000, 0x0000000083200000|100%| O|  |TAMS 0x0000000083200000, 0x0000000083100000| Untracked 
|   2|0x0000000083200000, 0x0000000083300000, 0x0000000083300000|100%| O|  |TAMS 0x0000000083300000, 0x0000000083200000| Untracked 
|   3|0x0000000083300000, 0x0000000083400000, 0x0000000083400000|100%| O|  |TAMS 0x0000000083400000, 0x0000000083300000| Untracked 
|   4|0x0000000083400000, 0x0000000083500000, 0x0000000083500000|100%| O|  |TAMS 0x0000000083500000, 0x0000000083400000| Untracked 
|   5|0x0000000083500000, 0x0000000083600000, 0x0000000083600000|100%| O|  |TAMS 0x0000000083600000, 0x0000000083500000| Untracked 
|   6|0x0000000083600000, 0x0000000083700000, 0x0000000083700000|100%| O|  |TAMS 0x0000000083700000, 0x0000000083600000| Untracked 
|   7|0x0000000083700000, 0x0000000083779200, 0x0000000083800000| 47%| O|  |TAMS 0x0000000083779200, 0x0000000083700000| Untracked 
|   8|0x0000000083800000, 0x0000000083900000, 0x0000000083900000|100%| O|  |TAMS 0x0000000083900000, 0x0000000083800000| Untracked 
|   9|0x0000000083900000, 0x0000000083a00000, 0x0000000083a00000|100%| O|  |TAMS 0x0000000083a00000, 0x0000000083900000| Untracked 
|  10|0x0000000083a00000, 0x0000000083b00000, 0x0000000083b00000|100%| O|  |TAMS 0x0000000083b00000, 0x0000000083a00000| Untracked 
|  11|0x0000000083b00000, 0x0000000083c00000, 0x0000000083c00000|100%| O|  |TAMS 0x0000000083c00000, 0x0000000083b00000| Untracked 
|  12|0x0000000083c00000, 0x0000000083d00000, 0x0000000083d00000|100%| O|  |TAMS 0x0000000083d00000, 0x0000000083c00000| Untracked 
|  13|0x0000000083d00000, 0x0000000083e00000, 0x0000000083e00000|100%| O|  |TAMS 0x0000000083e00000, 0x0000000083d00000| Untracked 
|  14|0x0000000083e00000, 0x0000000083f00000, 0x0000000083f00000|100%| O|  |TAMS 0x0000000083f00000, 0x0000000083e00000| Untracked 
|  15|0x0000000083f00000, 0x0000000084000000, 0x0000000084000000|100%| O|  |TAMS 0x0000000084000000, 0x0000000083f00000| Untracked 
|  16|0x0000000084000000, 0x0000000084100000, 0x0000000084100000|100%| O|  |TAMS 0x0000000084100000, 0x0000000084000000| Untracked 
|  17|0x0000000084100000, 0x0000000084200000, 0x0000000084200000|100%| O|  |TAMS 0x0000000084200000, 0x0000000084100000| Untracked 
|  18|0x0000000084200000, 0x0000000084300000, 0x0000000084300000|100%| O|  |TAMS 0x0000000084300000, 0x0000000084200000| Untracked 
|  19|0x0000000084300000, 0x0000000084400000, 0x0000000084400000|100%| O|  |TAMS 0x0000000084400000, 0x0000000084300000| Untracked 
|  20|0x0000000084400000, 0x0000000084500000, 0x0000000084500000|100%| O|  |TAMS 0x0000000084500000, 0x0000000084400000| Untracked 
|  21|0x0000000084500000, 0x0000000084600000, 0x0000000084600000|100%| O|  |TAMS 0x0000000084600000, 0x0000000084500000| Untracked 
|  22|0x0000000084600000, 0x0000000084700000, 0x0000000084700000|100%| O|  |TAMS 0x0000000084700000, 0x0000000084600000| Untracked 
|  23|0x0000000084700000, 0x0000000084800000, 0x0000000084800000|100%| O|  |TAMS 0x0000000084800000, 0x0000000084700000| Untracked 
|  24|0x0000000084800000, 0x0000000084900000, 0x0000000084900000|100%| O|  |TAMS 0x0000000084900000, 0x0000000084800000| Untracked 
|  25|0x0000000084900000, 0x0000000084a00000, 0x0000000084a00000|100%| O|  |TAMS 0x00000000849c6e00, 0x0000000084900000| Untracked 
|  26|0x0000000084a00000, 0x0000000084b00000, 0x0000000084b00000|100%| O|  |TAMS 0x0000000084a00000, 0x0000000084a00000| Untracked 
|  27|0x0000000084b00000, 0x0000000084c00000, 0x0000000084c00000|100%| O|  |TAMS 0x0000000084b00000, 0x0000000084b00000| Untracked 
|  28|0x0000000084c00000, 0x0000000084d00000, 0x0000000084d00000|100%| O|  |TAMS 0x0000000084c00000, 0x0000000084c00000| Untracked 
|  29|0x0000000084d00000, 0x0000000084e00000, 0x0000000084e00000|100%| O|  |TAMS 0x0000000084d00000, 0x0000000084d00000| Untracked 
|  30|0x0000000084e00000, 0x0000000084f00000, 0x0000000084f00000|100%| O|  |TAMS 0x0000000084e00000, 0x0000000084e00000| Untracked 
|  31|0x0000000084f00000, 0x0000000085000000, 0x0000000085000000|100%| O|  |TAMS 0x0000000084f00000, 0x0000000084f00000| Untracked 
|  32|0x0000000085000000, 0x0000000085100000, 0x0000000085100000|100%| O|  |TAMS 0x0000000085000000, 0x0000000085000000| Untracked 
|  33|0x0000000085100000, 0x0000000085200000, 0x0000000085200000|100%| O|  |TAMS 0x0000000085100000, 0x0000000085100000| Untracked 
|  34|0x0000000085200000, 0x0000000085300000, 0x0000000085300000|100%| O|  |TAMS 0x0000000085200000, 0x0000000085200000| Untracked 
|  35|0x0000000085300000, 0x0000000085400000, 0x0000000085400000|100%| O|  |TAMS 0x0000000085300000, 0x0000000085300000| Untracked 
|  36|0x0000000085400000, 0x0000000085500000, 0x0000000085500000|100%| O|  |TAMS 0x0000000085400000, 0x0000000085400000| Untracked 
|  37|0x0000000085500000, 0x0000000085600000, 0x0000000085600000|100%| O|  |TAMS 0x0000000085500000, 0x0000000085500000| Untracked 
|  38|0x0000000085600000, 0x0000000085700000, 0x0000000085700000|100%| O|  |TAMS 0x0000000085600000, 0x0000000085600000| Untracked 
|  39|0x0000000085700000, 0x0000000085800000, 0x0000000085800000|100%| O|  |TAMS 0x0000000085700000, 0x0000000085700000| Untracked 
|  40|0x0000000085800000, 0x0000000085900000, 0x0000000085900000|100%| O|  |TAMS 0x0000000085800000, 0x0000000085800000| Untracked 
|  41|0x0000000085900000, 0x0000000085a00000, 0x0000000085a00000|100%| O|  |TAMS 0x0000000085900000, 0x0000000085900000| Untracked 
|  42|0x0000000085a00000, 0x0000000085b00000, 0x0000000085b00000|100%| O|  |TAMS 0x0000000085a00000, 0x0000000085a00000| Untracked 
|  43|0x0000000085b00000, 0x0000000085c00000, 0x0000000085c00000|100%| O|  |TAMS 0x0000000085b00000, 0x0000000085b00000| Untracked 
|  44|0x0000000085c00000, 0x0000000085d00000, 0x0000000085d00000|100%| O|  |TAMS 0x0000000085c00000, 0x0000000085c00000| Untracked 
|  45|0x0000000085d00000, 0x0000000085e00000, 0x0000000085e00000|100%| O|  |TAMS 0x0000000085d00000, 0x0000000085d00000| Untracked 
|  46|0x0000000085e00000, 0x0000000085f00000, 0x0000000085f00000|100%| O|  |TAMS 0x0000000085e00000, 0x0000000085e00000| Untracked 
|  47|0x0000000085f00000, 0x0000000085f00000, 0x0000000086000000|  0%| F|  |TAMS 0x0000000085f00000, 0x0000000085f00000| Untracked 
|  48|0x0000000086000000, 0x0000000086000000, 0x0000000086100000|  0%| F|  |TAMS 0x0000000086000000, 0x0000000086000000| Untracked 
|  49|0x0000000086100000, 0x0000000086100000, 0x0000000086200000|  0%| F|  |TAMS 0x0000000086100000, 0x0000000086100000| Untracked 
|  50|0x0000000086200000, 0x0000000086200000, 0x0000000086300000|  0%| F|  |TAMS 0x0000000086200000, 0x0000000086200000| Untracked 
|  51|0x0000000086300000, 0x0000000086300000, 0x0000000086400000|  0%| F|  |TAMS 0x0000000086300000, 0x0000000086300000| Untracked 
|  52|0x0000000086400000, 0x0000000086400000, 0x0000000086500000|  0%| F|  |TAMS 0x0000000086400000, 0x0000000086400000| Untracked 
|  53|0x0000000086500000, 0x0000000086500000, 0x0000000086600000|  0%| F|  |TAMS 0x0000000086500000, 0x0000000086500000| Untracked 
|  54|0x0000000086600000, 0x0000000086600000, 0x0000000086700000|  0%| F|  |TAMS 0x0000000086600000, 0x0000000086600000| Untracked 
|  55|0x0000000086700000, 0x0000000086700000, 0x0000000086800000|  0%| F|  |TAMS 0x0000000086700000, 0x0000000086700000| Untracked 
|  56|0x0000000086800000, 0x0000000086800000, 0x0000000086900000|  0%| F|  |TAMS 0x0000000086800000, 0x0000000086800000| Untracked 
|  57|0x0000000086900000, 0x0000000086900000, 0x0000000086a00000|  0%| F|  |TAMS 0x0000000086900000, 0x0000000086900000| Untracked 
|  58|0x0000000086a00000, 0x0000000086a00000, 0x0000000086b00000|  0%| F|  |TAMS 0x0000000086a00000, 0x0000000086a00000| Untracked 
|  59|0x0000000086b00000, 0x0000000086b00000, 0x0000000086c00000|  0%| F|  |TAMS 0x0000000086b00000, 0x0000000086b00000| Untracked 
|  60|0x0000000086c00000, 0x0000000086c00000, 0x0000000086d00000|  0%| F|  |TAMS 0x0000000086c00000, 0x0000000086c00000| Untracked 
|  61|0x0000000086d00000, 0x0000000086d00000, 0x0000000086e00000|  0%| F|  |TAMS 0x0000000086d00000, 0x0000000086d00000| Untracked 
|  62|0x0000000086e00000, 0x0000000086e00000, 0x0000000086f00000|  0%| F|  |TAMS 0x0000000086e00000, 0x0000000086e00000| Untracked 
|  63|0x0000000086f00000, 0x0000000086f00000, 0x0000000087000000|  0%| F|  |TAMS 0x0000000086f00000, 0x0000000086f00000| Untracked 
|  64|0x0000000087000000, 0x0000000087000000, 0x0000000087100000|  0%| F|  |TAMS 0x0000000087000000, 0x0000000087000000| Untracked 
|  65|0x0000000087100000, 0x0000000087100000, 0x0000000087200000|  0%| F|  |TAMS 0x0000000087100000, 0x0000000087100000| Untracked 
|  66|0x0000000087200000, 0x0000000087200000, 0x0000000087300000|  0%| F|  |TAMS 0x0000000087200000, 0x0000000087200000| Untracked 
|  67|0x0000000087300000, 0x0000000087300000, 0x0000000087400000|  0%| F|  |TAMS 0x0000000087300000, 0x0000000087300000| Untracked 
|  68|0x0000000087400000, 0x0000000087400000, 0x0000000087500000|  0%| F|  |TAMS 0x0000000087400000, 0x0000000087400000| Untracked 
|  69|0x0000000087500000, 0x0000000087500000, 0x0000000087600000|  0%| F|  |TAMS 0x0000000087500000, 0x0000000087500000| Untracked 
|  70|0x0000000087600000, 0x0000000087600000, 0x0000000087700000|  0%| F|  |TAMS 0x0000000087600000, 0x0000000087600000| Untracked 
|  71|0x0000000087700000, 0x0000000087700000, 0x0000000087800000|  0%| F|  |TAMS 0x0000000087700000, 0x0000000087700000| Untracked 
|  72|0x0000000087800000, 0x0000000087800000, 0x0000000087900000|  0%| F|  |TAMS 0x0000000087800000, 0x0000000087800000| Untracked 
|  73|0x0000000087900000, 0x0000000087900000, 0x0000000087a00000|  0%| F|  |TAMS 0x0000000087900000, 0x0000000087900000| Untracked 
|  74|0x0000000087a00000, 0x0000000087afada0, 0x0000000087b00000| 97%| S|CS|TAMS 0x0000000087a00000, 0x0000000087a00000| Complete 
|  75|0x0000000087b00000, 0x0000000087c00000, 0x0000000087c00000|100%| S|CS|TAMS 0x0000000087b00000, 0x0000000087b00000| Complete 
|  76|0x0000000087c00000, 0x0000000087d00000, 0x0000000087d00000|100%| S|CS|TAMS 0x0000000087c00000, 0x0000000087c00000| Complete 
|  77|0x0000000087d00000, 0x0000000087e00000, 0x0000000087e00000|100%| S|CS|TAMS 0x0000000087d00000, 0x0000000087d00000| Complete 
|  78|0x0000000087e00000, 0x0000000087f00000, 0x0000000087f00000|100%| S|CS|TAMS 0x0000000087e00000, 0x0000000087e00000| Complete 
|  79|0x0000000087f00000, 0x0000000087f00000, 0x0000000088000000|  0%| F|  |TAMS 0x0000000087f00000, 0x0000000087f00000| Untracked 
|  80|0x0000000088000000, 0x0000000088000000, 0x0000000088100000|  0%| F|  |TAMS 0x0000000088000000, 0x0000000088000000| Untracked 
|  81|0x0000000088100000, 0x0000000088100000, 0x0000000088200000|  0%| F|  |TAMS 0x0000000088100000, 0x0000000088100000| Untracked 
|  82|0x0000000088200000, 0x0000000088200000, 0x0000000088300000|  0%| F|  |TAMS 0x0000000088200000, 0x0000000088200000| Untracked 
|  83|0x0000000088300000, 0x0000000088300000, 0x0000000088400000|  0%| F|  |TAMS 0x0000000088300000, 0x0000000088300000| Untracked 
|  84|0x0000000088400000, 0x0000000088400000, 0x0000000088500000|  0%| F|  |TAMS 0x0000000088400000, 0x0000000088400000| Untracked 
|  85|0x0000000088500000, 0x0000000088500000, 0x0000000088600000|  0%| F|  |TAMS 0x0000000088500000, 0x0000000088500000| Untracked 
|  86|0x0000000088600000, 0x0000000088600000, 0x0000000088700000|  0%| F|  |TAMS 0x0000000088600000, 0x0000000088600000| Untracked 
|  87|0x0000000088700000, 0x0000000088700000, 0x0000000088800000|  0%| F|  |TAMS 0x0000000088700000, 0x0000000088700000| Untracked 
|  88|0x0000000088800000, 0x0000000088800000, 0x0000000088900000|  0%| F|  |TAMS 0x0000000088800000, 0x0000000088800000| Untracked 
|  89|0x0000000088900000, 0x0000000088900000, 0x0000000088a00000|  0%| F|  |TAMS 0x0000000088900000, 0x0000000088900000| Untracked 
|  90|0x0000000088a00000, 0x0000000088a00000, 0x0000000088b00000|  0%| F|  |TAMS 0x0000000088a00000, 0x0000000088a00000| Untracked 
|  91|0x0000000088b00000, 0x0000000088b00000, 0x0000000088c00000|  0%| F|  |TAMS 0x0000000088b00000, 0x0000000088b00000| Untracked 
|  92|0x0000000088c00000, 0x0000000088c00000, 0x0000000088d00000|  0%| F|  |TAMS 0x0000000088c00000, 0x0000000088c00000| Untracked 
|  93|0x0000000088d00000, 0x0000000088d00000, 0x0000000088e00000|  0%| F|  |TAMS 0x0000000088d00000, 0x0000000088d00000| Untracked 
|  94|0x0000000088e00000, 0x0000000088e00000, 0x0000000088f00000|  0%| F|  |TAMS 0x0000000088e00000, 0x0000000088e00000| Untracked 
|  95|0x0000000088f00000, 0x0000000088f00000, 0x0000000089000000|  0%| F|  |TAMS 0x0000000088f00000, 0x0000000088f00000| Untracked 
|  96|0x0000000089000000, 0x0000000089000000, 0x0000000089100000|  0%| F|  |TAMS 0x0000000089000000, 0x0000000089000000| Untracked 
|  97|0x0000000089100000, 0x0000000089100000, 0x0000000089200000|  0%| F|  |TAMS 0x0000000089100000, 0x0000000089100000| Untracked 
|  98|0x0000000089200000, 0x0000000089200000, 0x0000000089300000|  0%| F|  |TAMS 0x0000000089200000, 0x0000000089200000| Untracked 
|  99|0x0000000089300000, 0x0000000089300000, 0x0000000089400000|  0%| F|  |TAMS 0x0000000089300000, 0x0000000089300000| Untracked 
| 100|0x0000000089400000, 0x0000000089400000, 0x0000000089500000|  0%| F|  |TAMS 0x0000000089400000, 0x0000000089400000| Untracked 
| 101|0x0000000089500000, 0x0000000089600000, 0x0000000089600000|100%| E|  |TAMS 0x0000000089500000, 0x0000000089500000| Complete 
| 102|0x0000000089600000, 0x0000000089700000, 0x0000000089700000|100%| E|CS|TAMS 0x0000000089600000, 0x0000000089600000| Complete 
| 103|0x0000000089700000, 0x0000000089800000, 0x0000000089800000|100%| E|CS|TAMS 0x0000000089700000, 0x0000000089700000| Complete 
| 104|0x0000000089800000, 0x0000000089900000, 0x0000000089900000|100%| E|CS|TAMS 0x0000000089800000, 0x0000000089800000| Complete 
| 105|0x0000000089900000, 0x0000000089a00000, 0x0000000089a00000|100%| E|CS|TAMS 0x0000000089900000, 0x0000000089900000| Complete 
| 106|0x0000000089a00000, 0x0000000089b00000, 0x0000000089b00000|100%| E|CS|TAMS 0x0000000089a00000, 0x0000000089a00000| Complete 
| 107|0x0000000089b00000, 0x0000000089c00000, 0x0000000089c00000|100%| E|CS|TAMS 0x0000000089b00000, 0x0000000089b00000| Complete 
| 108|0x0000000089c00000, 0x0000000089d00000, 0x0000000089d00000|100%| E|CS|TAMS 0x0000000089c00000, 0x0000000089c00000| Complete 
| 109|0x0000000089d00000, 0x0000000089e00000, 0x0000000089e00000|100%| E|CS|TAMS 0x0000000089d00000, 0x0000000089d00000| Complete 
| 110|0x0000000089e00000, 0x0000000089f00000, 0x0000000089f00000|100%| E|CS|TAMS 0x0000000089e00000, 0x0000000089e00000| Complete 
| 111|0x0000000089f00000, 0x000000008a000000, 0x000000008a000000|100%| E|CS|TAMS 0x0000000089f00000, 0x0000000089f00000| Complete 
| 112|0x000000008a000000, 0x000000008a100000, 0x000000008a100000|100%| E|CS|TAMS 0x000000008a000000, 0x000000008a000000| Complete 
| 113|0x000000008a100000, 0x000000008a200000, 0x000000008a200000|100%| E|CS|TAMS 0x000000008a100000, 0x000000008a100000| Complete 
| 114|0x000000008a200000, 0x000000008a300000, 0x000000008a300000|100%| E|CS|TAMS 0x000000008a200000, 0x000000008a200000| Complete 
| 115|0x000000008a300000, 0x000000008a400000, 0x000000008a400000|100%| E|CS|TAMS 0x000000008a300000, 0x000000008a300000| Complete 
| 116|0x000000008a400000, 0x000000008a500000, 0x000000008a500000|100%| E|CS|TAMS 0x000000008a400000, 0x000000008a400000| Complete 
| 117|0x000000008a500000, 0x000000008a600000, 0x000000008a600000|100%| E|CS|TAMS 0x000000008a500000, 0x000000008a500000| Complete 
| 118|0x000000008a600000, 0x000000008a700000, 0x000000008a700000|100%| E|CS|TAMS 0x000000008a600000, 0x000000008a600000| Complete 
| 119|0x000000008a700000, 0x000000008a800000, 0x000000008a800000|100%| E|CS|TAMS 0x000000008a700000, 0x000000008a700000| Complete 
| 120|0x000000008a800000, 0x000000008a900000, 0x000000008a900000|100%| E|CS|TAMS 0x000000008a800000, 0x000000008a800000| Complete 
| 121|0x000000008a900000, 0x000000008aa00000, 0x000000008aa00000|100%| E|CS|TAMS 0x000000008a900000, 0x000000008a900000| Complete 
| 122|0x000000008aa00000, 0x000000008ab00000, 0x000000008ab00000|100%| E|CS|TAMS 0x000000008aa00000, 0x000000008aa00000| Complete 
| 123|0x000000008ab00000, 0x000000008ac00000, 0x000000008ac00000|100%| E|CS|TAMS 0x000000008ab00000, 0x000000008ab00000| Complete 
| 124|0x000000008ac00000, 0x000000008ad00000, 0x000000008ad00000|100%| E|CS|TAMS 0x000000008ac00000, 0x000000008ac00000| Complete 
| 125|0x000000008ad00000, 0x000000008ae00000, 0x000000008ae00000|100%| E|CS|TAMS 0x000000008ad00000, 0x000000008ad00000| Complete 
| 126|0x000000008ae00000, 0x000000008af00000, 0x000000008af00000|100%| E|CS|TAMS 0x000000008ae00000, 0x000000008ae00000| Complete 
| 127|0x000000008af00000, 0x000000008b000000, 0x000000008b000000|100%| E|CS|TAMS 0x000000008af00000, 0x000000008af00000| Complete 
| 128|0x000000008b000000, 0x000000008b100000, 0x000000008b100000|100%| E|CS|TAMS 0x000000008b000000, 0x000000008b000000| Complete 
| 129|0x000000008b100000, 0x000000008b200000, 0x000000008b200000|100%| E|CS|TAMS 0x000000008b100000, 0x000000008b100000| Complete 
| 130|0x000000008b200000, 0x000000008b300000, 0x000000008b300000|100%| E|CS|TAMS 0x000000008b200000, 0x000000008b200000| Complete 
| 131|0x000000008b300000, 0x000000008b400000, 0x000000008b400000|100%| E|CS|TAMS 0x000000008b300000, 0x000000008b300000| Complete 
| 132|0x000000008b400000, 0x000000008b500000, 0x000000008b500000|100%| E|CS|TAMS 0x000000008b400000, 0x000000008b400000| Complete 
| 133|0x000000008b500000, 0x000000008b600000, 0x000000008b600000|100%| E|CS|TAMS 0x000000008b500000, 0x000000008b500000| Complete 
| 134|0x000000008b600000, 0x000000008b700000, 0x000000008b700000|100%| E|CS|TAMS 0x000000008b600000, 0x000000008b600000| Complete 
| 135|0x000000008b700000, 0x000000008b800000, 0x000000008b800000|100%| E|CS|TAMS 0x000000008b700000, 0x000000008b700000| Complete 
| 136|0x000000008b800000, 0x000000008b900000, 0x000000008b900000|100%| E|CS|TAMS 0x000000008b800000, 0x000000008b800000| Complete 
| 137|0x000000008b900000, 0x000000008ba00000, 0x000000008ba00000|100%| E|CS|TAMS 0x000000008b900000, 0x000000008b900000| Complete 
| 138|0x000000008ba00000, 0x000000008bb00000, 0x000000008bb00000|100%| E|CS|TAMS 0x000000008ba00000, 0x000000008ba00000| Complete 
| 139|0x000000008bb00000, 0x000000008bc00000, 0x000000008bc00000|100%| E|CS|TAMS 0x000000008bb00000, 0x000000008bb00000| Complete 
| 140|0x000000008bc00000, 0x000000008bd00000, 0x000000008bd00000|100%| E|CS|TAMS 0x000000008bc00000, 0x000000008bc00000| Complete 
| 141|0x000000008bd00000, 0x000000008be00000, 0x000000008be00000|100%| E|CS|TAMS 0x000000008bd00000, 0x000000008bd00000| Complete 
| 142|0x000000008be00000, 0x000000008bf00000, 0x000000008bf00000|100%| E|CS|TAMS 0x000000008be00000, 0x000000008be00000| Complete 
| 143|0x000000008bf00000, 0x000000008c000000, 0x000000008c000000|100%| E|CS|TAMS 0x000000008bf00000, 0x000000008bf00000| Complete 

Card table byte_map: [0x000001d39a6a0000,0x000001d39aa90000] _byte_map_base: 0x000001d39a288000

Marking Bits (Prev, Next): (CMBitMap*) 0x000001d382db4170, (CMBitMap*) 0x000001d382db41b0
 Prev Bits: [0x000001d39ae80000, 0x000001d39cdc0000)
 Next Bits: [0x000001d39cdc0000, 0x000001d39ed00000)

Polling page: 0x000001d380c00000

Metaspace:

Usage:
  Non-class:     66.35 MB capacity,    65.84 MB (>99%) used,   412.70 KB ( <1%) free+waste,   105.69 KB ( <1%) overhead. 
      Class:      9.45 MB capacity,     9.22 MB ( 98%) used,   200.48 KB (  2%) free+waste,    39.25 KB ( <1%) overhead. 
       Both:     75.80 MB capacity,    75.06 MB (>99%) used,   613.18 KB ( <1%) free+waste,   144.94 KB ( <1%) overhead. 

Virtual space:
  Non-class space:       68.00 MB reserved,      66.41 MB ( 98%) committed 
      Class space:        1.00 GB reserved,       9.57 MB ( <1%) committed 
             Both:        1.07 GB reserved,      75.98 MB (  7%) committed 

Chunk freelists:
   Non-Class:  57.00 KB
       Class:  17.00 KB
        Both:  74.00 KB

MaxMetaspaceSize: 17179869184.00 GB
CompressedClassSpaceSize: 1.00 GB

CodeHeap 'non-profiled nmethods': size=120000Kb used=8322Kb max_used=8322Kb free=111677Kb
 bounds [0x000001d392a50000, 0x000001d393280000, 0x000001d399f80000]
CodeHeap 'profiled nmethods': size=120000Kb used=19112Kb max_used=19112Kb free=100887Kb
 bounds [0x000001d38b520000, 0x000001d38c7d0000, 0x000001d392a50000]
CodeHeap 'non-nmethods': size=5760Kb used=1443Kb max_used=1618Kb free=4316Kb
 bounds [0x000001d38af80000, 0x000001d38b1f0000, 0x000001d38b520000]
 total_blobs=10108 nmethods=9452 adapters=566
 compilation: enabled
              stopped_count=0, restarted_count=0
 full_count=0

Compilation events (20 events):
Event: 466.630 Thread 0x000001d3a1799f10 10848   !   3       org.apache.catalina.core.ContainerBase::findChildren (42 bytes)
Event: 466.631 Thread 0x000001d3a1799f10 nmethod 10848 0x000001d38c7c7010 code [0x000001d38c7c71e0, 0x000001d38c7c77f8]
Event: 536.672 Thread 0x000001d3a17925b0 10849       4       java.util.TreeMap::put (221 bytes)
Event: 536.834 Thread 0x000001d3a17925b0 nmethod 10849 0x000001d39326a910 code [0x000001d39326ab20, 0x000001d39326f1f8]
Event: 536.834 Thread 0x000001d3a17925b0 10850       4       java.util.TreeMap::put (8 bytes)
Event: 536.834 Thread 0x000001d3a17925b0 nmethod 10850 0x000001d39326fc90 code [0x000001d39326fe20, 0x000001d39326fec8]
Event: 542.249 Thread 0x000001d3a1799f10 10851       3       sun.nio.ch.WindowsSelectorImpl::updateSelectedKeys (78 bytes)
Event: 542.250 Thread 0x000001d3a1799f10 nmethod 10851 0x000001d38c7c7a90 code [0x000001d38c7c7ca0, 0x000001d38c7c8308]
Event: 542.250 Thread 0x000001d3a1799f10 10852       3       sun.nio.ch.WindowsSelectorImpl$SubSelector::poll (51 bytes)
Event: 542.251 Thread 0x000001d3a1799f10 nmethod 10852 0x000001d38c7c8590 code [0x000001d38c7c8740, 0x000001d38c7c8988]
Event: 546.676 Thread 0x000001d3a1799f10 10854       3       org.apache.catalina.webresources.Cache$EvictionOrder::compare (13 bytes)
Event: 546.677 Thread 0x000001d3a1799f10 nmethod 10854 0x000001d38c7c8a90 code [0x000001d38c7c8c40, 0x000001d38c7c8fa8]
Event: 546.677 Thread 0x000001d3a1799f10 10855       3       org.apache.catalina.webresources.Cache$EvictionOrder::compare (31 bytes)
Event: 546.678 Thread 0x000001d3a1799f10 nmethod 10855 0x000001d38c7c9090 code [0x000001d38c7c9240, 0x000001d38c7c9478]
Event: 611.384 Thread 0x000001d3a17925b0 10856       4       java.util.concurrent.locks.AbstractQueuedSynchronizer$Node::setPrevRelaxed (12 bytes)
Event: 611.385 Thread 0x000001d3a17925b0 nmethod 10856 0x000001d393270410 code [0x000001d393270580, 0x000001d3932706b8]
Event: 611.385 Thread 0x000001d3a17925b0 10857       4       java.util.concurrent.locks.AbstractQueuedSynchronizer::casTail (13 bytes)
Event: 611.386 Thread 0x000001d3a17925b0 nmethod 10857 0x000001d393270710 code [0x000001d393270880, 0x000001d3932709b8]
Event: 626.756 Thread 0x000001d3a1799f10 10858   !   3       org.apache.catalina.core.ContainerBase::getRealmInternal (38 bytes)
Event: 626.758 Thread 0x000001d3a1799f10 nmethod 10858 0x000001d38c7c9590 code [0x000001d38c7c97c0, 0x000001d38c7c9f08]

GC Heap History (20 events):
Event: 16.260 GC heap before
{Heap before GC invocations=25 (full 0):
 garbage-first heap   total 84992K, used 69828K [0x0000000083000000, 0x0000000100000000)
  region size 1024K, 45 young (46080K), 4 survivors (4096K)
 Metaspace       used 58784K, capacity 59303K, committed 59564K, reserved 1101824K
  class space    used 7415K, capacity 7611K, committed 7680K, reserved 1048576K
}
Event: 16.270 GC heap after
{Heap after GC invocations=26 (full 0):
 garbage-first heap   total 102400K, used 29837K [0x0000000083000000, 0x0000000100000000)
  region size 1024K, 5 young (5120K), 5 survivors (5120K)
 Metaspace       used 58784K, capacity 59303K, committed 59564K, reserved 1101824K
  class space    used 7415K, capacity 7611K, committed 7680K, reserved 1048576K
}
Event: 16.651 GC heap before
{Heap before GC invocations=26 (full 0):
 garbage-first heap   total 102400K, used 41101K [0x0000000083000000, 0x0000000100000000)
  region size 1024K, 17 young (17408K), 5 survivors (5120K)
 Metaspace       used 59200K, capacity 59682K, committed 59808K, reserved 1101824K
  class space    used 7458K, capacity 7650K, committed 7680K, reserved 1048576K
}
Event: 16.661 GC heap after
{Heap after GC invocations=27 (full 0):
 garbage-first heap   total 102400K, used 31309K [0x0000000083000000, 0x0000000100000000)
  region size 1024K, 6 young (6144K), 6 survivors (6144K)
 Metaspace       used 59200K, capacity 59682K, committed 59808K, reserved 1101824K
  class space    used 7458K, capacity 7650K, committed 7680K, reserved 1048576K
}
Event: 17.957 GC heap before
{Heap before GC invocations=28 (full 0):
 garbage-first heap   total 102400K, used 80461K [0x0000000083000000, 0x0000000100000000)
  region size 1024K, 54 young (55296K), 6 survivors (6144K)
 Metaspace       used 62321K, capacity 62830K, committed 62956K, reserved 1103872K
  class space    used 7807K, capacity 7987K, committed 8012K, reserved 1048576K
}
Event: 17.968 GC heap after
{Heap after GC invocations=29 (full 0):
 garbage-first heap   total 102400K, used 33290K [0x0000000083000000, 0x0000000100000000)
  region size 1024K, 6 young (6144K), 6 survivors (6144K)
 Metaspace       used 62321K, capacity 62830K, committed 62956K, reserved 1103872K
  class space    used 7807K, capacity 7987K, committed 8012K, reserved 1048576K
}
Event: 19.714 GC heap before
{Heap before GC invocations=30 (full 0):
 garbage-first heap   total 102400K, used 81418K [0x0000000083000000, 0x0000000100000000)
  region size 1024K, 53 young (54272K), 6 survivors (6144K)
 Metaspace       used 64395K, capacity 65007K, committed 65388K, reserved 1105920K
  class space    used 8069K, capacity 8266K, committed 8396K, reserved 1048576K
}
Event: 19.725 GC heap after
{Heap after GC invocations=31 (full 0):
 garbage-first heap   total 102400K, used 36031K [0x0000000083000000, 0x0000000100000000)
  region size 1024K, 7 young (7168K), 7 survivors (7168K)
 Metaspace       used 64395K, capacity 65007K, committed 65388K, reserved 1105920K
  class space    used 8069K, capacity 8266K, committed 8396K, reserved 1048576K
}
Event: 21.022 GC heap before
{Heap before GC invocations=31 (full 0):
 garbage-first heap   total 102400K, used 82111K [0x0000000083000000, 0x0000000100000000)
  region size 1024K, 52 young (53248K), 7 survivors (7168K)
 Metaspace       used 66571K, capacity 67161K, committed 67436K, reserved 1107968K
  class space    used 8337K, capacity 8534K, committed 8652K, reserved 1048576K
}
Event: 21.036 GC heap after
{Heap after GC invocations=32 (full 0):
 garbage-first heap   total 122880K, used 39114K [0x0000000083000000, 0x0000000100000000)
  region size 1024K, 6 young (6144K), 6 survivors (6144K)
 Metaspace       used 66571K, capacity 67161K, committed 67436K, reserved 1107968K
  class space    used 8337K, capacity 8534K, committed 8652K, reserved 1048576K
}
Event: 23.107 GC heap before
{Heap before GC invocations=32 (full 0):
 garbage-first heap   total 122880K, used 98506K [0x0000000083000000, 0x0000000100000000)
  region size 1024K, 64 young (65536K), 6 survivors (6144K)
 Metaspace       used 68088K, capacity 68708K, committed 68844K, reserved 1110016K
  class space    used 8520K, capacity 8744K, committed 8780K, reserved 1048576K
}
Event: 23.125 GC heap after
{Heap after GC invocations=33 (full 0):
 garbage-first heap   total 122880K, used 41725K [0x0000000083000000, 0x0000000100000000)
  region size 1024K, 7 young (7168K), 7 survivors (7168K)
 Metaspace       used 68088K, capacity 68708K, committed 68844K, reserved 1110016K
  class space    used 8520K, capacity 8744K, committed 8780K, reserved 1048576K
}
Event: 25.452 GC heap before
{Heap before GC invocations=33 (full 0):
 garbage-first heap   total 122880K, used 97021K [0x0000000083000000, 0x0000000100000000)
  region size 1024K, 62 young (63488K), 7 survivors (7168K)
 Metaspace       used 68518K, capacity 69168K, committed 69356K, reserved 1110016K
  class space    used 8523K, capacity 8747K, committed 8780K, reserved 1048576K
}
Event: 25.469 GC heap after
{Heap after GC invocations=34 (full 0):
 garbage-first heap   total 122880K, used 45768K [0x0000000083000000, 0x0000000100000000)
  region size 1024K, 8 young (8192K), 8 survivors (8192K)
 Metaspace       used 68518K, capacity 69168K, committed 69356K, reserved 1110016K
  class space    used 8523K, capacity 8747K, committed 8780K, reserved 1048576K
}
Event: 26.821 GC heap before
{Heap before GC invocations=34 (full 0):
 garbage-first heap   total 122880K, used 99016K [0x0000000083000000, 0x0000000100000000)
  region size 1024K, 60 young (61440K), 8 survivors (8192K)
 Metaspace       used 69057K, capacity 69660K, committed 69996K, reserved 1110016K
  class space    used 8540K, capacity 8782K, committed 8908K, reserved 1048576K
}
Event: 26.836 GC heap after
{Heap after GC invocations=35 (full 0):
 garbage-first heap   total 122880K, used 48585K [0x0000000083000000, 0x0000000100000000)
  region size 1024K, 8 young (8192K), 8 survivors (8192K)
 Metaspace       used 69057K, capacity 69660K, committed 69996K, reserved 1110016K
  class space    used 8540K, capacity 8782K, committed 8908K, reserved 1048576K
}
Event: 28.419 GC heap before
{Heap before GC invocations=35 (full 0):
 garbage-first heap   total 122880K, used 98761K [0x0000000083000000, 0x0000000100000000)
  region size 1024K, 57 young (58368K), 8 survivors (8192K)
 Metaspace       used 69172K, capacity 69805K, committed 69996K, reserved 1110016K
  class space    used 8543K, capacity 8787K, committed 8908K, reserved 1048576K
}
Event: 28.433 GC heap after
{Heap after GC invocations=36 (full 0):
 garbage-first heap   total 147456K, used 52378K [0x0000000083000000, 0x0000000100000000)
  region size 1024K, 8 young (8192K), 8 survivors (8192K)
 Metaspace       used 69172K, capacity 69805K, committed 69996K, reserved 1110016K
  class space    used 8543K, capacity 8787K, committed 8908K, reserved 1048576K
}
Event: 30.599 GC heap before
{Heap before GC invocations=36 (full 0):
 garbage-first heap   total 147456K, used 118938K [0x0000000083000000, 0x0000000100000000)
  region size 1024K, 73 young (74752K), 8 survivors (8192K)
 Metaspace       used 73992K, capacity 74767K, committed 74988K, reserved 1114112K
  class space    used 9170K, capacity 9411K, committed 9548K, reserved 1048576K
}
Event: 30.609 GC heap after
{Heap after GC invocations=37 (full 0):
 garbage-first heap   total 147456K, used 52687K [0x0000000083000000, 0x0000000100000000)
  region size 1024K, 5 young (5120K), 5 survivors (5120K)
 Metaspace       used 73992K, capacity 74767K, committed 74988K, reserved 1114112K
  class space    used 9170K, capacity 9411K, committed 9548K, reserved 1048576K
}

Deoptimization events (20 events):
Event: 43.036 Thread 0x000001d3a5c0ad60 DEOPT PACKING pc=0x000001d38bb301cc sp=0x0000005ce46fac80
Event: 43.036 Thread 0x000001d3a5c0ad60 DEOPT UNPACKING pc=0x000001d38afce23f sp=0x0000005ce46fa1b0 mode 1
Event: 43.036 Thread 0x000001d3a5c0ad60 DEOPT PACKING pc=0x000001d38bcb38fc sp=0x0000005ce46fad90
Event: 43.036 Thread 0x000001d3a5c0ad60 DEOPT UNPACKING pc=0x000001d38afce23f sp=0x0000005ce46fa2e8 mode 1
Event: 43.036 Thread 0x000001d3a5c0ad60 DEOPT PACKING pc=0x000001d38bb301cc sp=0x0000005ce46fac30
Event: 43.036 Thread 0x000001d3a5c0ad60 DEOPT UNPACKING pc=0x000001d38afce23f sp=0x0000005ce46fa160 mode 1
Event: 43.036 Thread 0x000001d3a5c0ad60 DEOPT PACKING pc=0x000001d38bcb38fc sp=0x0000005ce46fad40
Event: 43.036 Thread 0x000001d3a5c0ad60 DEOPT UNPACKING pc=0x000001d38afce23f sp=0x0000005ce46fa298 mode 1
Event: 43.037 Thread 0x000001d3a5c0ad60 DEOPT PACKING pc=0x000001d38bb301cc sp=0x0000005ce46fac80
Event: 43.037 Thread 0x000001d3a5c0ad60 DEOPT UNPACKING pc=0x000001d38afce23f sp=0x0000005ce46fa1b0 mode 1
Event: 43.038 Thread 0x000001d3a5c0ad60 DEOPT PACKING pc=0x000001d38bcb38fc sp=0x0000005ce46fad90
Event: 43.038 Thread 0x000001d3a5c0ad60 DEOPT UNPACKING pc=0x000001d38afce23f sp=0x0000005ce46fa2e8 mode 1
Event: 43.038 Thread 0x000001d3a5c0ad60 DEOPT PACKING pc=0x000001d38bb301cc sp=0x0000005ce46fac30
Event: 43.038 Thread 0x000001d3a5c0ad60 DEOPT UNPACKING pc=0x000001d38afce23f sp=0x0000005ce46fa160 mode 1
Event: 43.038 Thread 0x000001d3a5c0ad60 DEOPT PACKING pc=0x000001d38bcb38fc sp=0x0000005ce46fad40
Event: 43.038 Thread 0x000001d3a5c0ad60 DEOPT UNPACKING pc=0x000001d38afce23f sp=0x0000005ce46fa298 mode 1
Event: 378.197 Thread 0x000001d3a2283550 Uncommon trap: trap_request=0xffffff45 fr.pc=0x000001d393181848 relative=0x0000000000000408
Event: 378.197 Thread 0x000001d3a2283550 Uncommon trap: reason=unstable_if action=reinterpret pc=0x000001d393181848 method=sun.instrument.InstrumentationImpl.transform(Ljava/lang/Module;Ljava/lang/ClassLoader;Ljava/lang/String;Ljava/lang/Class;Ljava/security/ProtectionDomain;[BZ)[B @ 24 c2
Event: 378.197 Thread 0x000001d3a2283550 DEOPT PACKING pc=0x000001d393181848 sp=0x0000005ce32fe040
Event: 378.197 Thread 0x000001d3a2283550 DEOPT UNPACKING pc=0x000001d38afce42f sp=0x0000005ce32fe098 mode 2

Classes unloaded (0 events):
No events

Classes redefined (20 events):
Event: 561.588 Thread 0x000001d3a176a9c0 redefined class name=com.ccsw.bidoffice.offer.OfferIT$1, count=8
Event: 561.588 Thread 0x000001d3a176a9c0 redefined class name=com.ccsw.bidoffice.offer.OfferIT$2, count=8
Event: 561.588 Thread 0x000001d3a176a9c0 redefined class name=com.ccsw.bidoffice.offer.OfferIT$3, count=8
Event: 561.588 Thread 0x000001d3a176a9c0 redefined class name=com.ccsw.bidoffice.offer.OfferIT, count=8
Event: 601.867 Thread 0x000001d3a176a9c0 redefined class name=com.ccsw.bidoffice.offer.OfferIT$1, count=9
Event: 601.867 Thread 0x000001d3a176a9c0 redefined class name=com.ccsw.bidoffice.offer.OfferIT$2, count=9
Event: 601.867 Thread 0x000001d3a176a9c0 redefined class name=com.ccsw.bidoffice.offer.OfferIT$3, count=9
Event: 601.868 Thread 0x000001d3a176a9c0 redefined class name=com.ccsw.bidoffice.offer.OfferIT, count=9
Event: 610.057 Thread 0x000001d3a176a9c0 redefined class name=com.ccsw.bidoffice.offer.OfferIT$1, count=10
Event: 610.057 Thread 0x000001d3a176a9c0 redefined class name=com.ccsw.bidoffice.offer.OfferIT$2, count=10
Event: 610.057 Thread 0x000001d3a176a9c0 redefined class name=com.ccsw.bidoffice.offer.OfferIT$3, count=10
Event: 610.057 Thread 0x000001d3a176a9c0 redefined class name=com.ccsw.bidoffice.offer.OfferIT, count=10
Event: 616.837 Thread 0x000001d3a176a9c0 redefined class name=com.ccsw.bidoffice.offer.OfferIT$1, count=11
Event: 616.837 Thread 0x000001d3a176a9c0 redefined class name=com.ccsw.bidoffice.offer.OfferIT$2, count=11
Event: 616.837 Thread 0x000001d3a176a9c0 redefined class name=com.ccsw.bidoffice.offer.OfferIT$3, count=11
Event: 616.837 Thread 0x000001d3a176a9c0 redefined class name=com.ccsw.bidoffice.offer.OfferIT, count=11
Event: 620.728 Thread 0x000001d3a176a9c0 redefined class name=com.ccsw.bidoffice.offer.OfferIT$1, count=12
Event: 620.728 Thread 0x000001d3a176a9c0 redefined class name=com.ccsw.bidoffice.offer.OfferIT$2, count=12
Event: 620.728 Thread 0x000001d3a176a9c0 redefined class name=com.ccsw.bidoffice.offer.OfferIT$3, count=12
Event: 620.729 Thread 0x000001d3a176a9c0 redefined class name=com.ccsw.bidoffice.offer.OfferIT, count=12

Internal exceptions (20 events):
Event: 42.907 Thread 0x000001d3a5c0ad60 Exception <a 'java/lang/ClassNotFoundException'{0x0000000089bcc918}: com/ccsw/bidoffice/offerteamperson/model/OfferTeamPersonEntityBeanInfo> (0x0000000089bcc918) 
thrown [./open/src/hotspot/share/classfile/systemDictionary.cpp, line 295]
Event: 42.910 Thread 0x000001d3a5c0ad60 Exception <a 'java/lang/ClassNotFoundException'{0x0000000089bd6428}: com/ccsw/bidoffice/offerteamperson/model/OfferTeamPersonEntityCustomizer> (0x0000000089bd6428) 
thrown [./open/src/hotspot/share/classfile/systemDictionary.cpp, line 295]
Event: 42.914 Thread 0x000001d3a5c0ad60 Exception <a 'java/lang/ClassNotFoundException'{0x0000000089be8878}: com/ccsw/bidoffice/offerteamperson/model/OfferTeamPersonDtoBeanInfo> (0x0000000089be8878) 
thrown [./open/src/hotspot/share/classfile/systemDictionary.cpp, line 295]
Event: 42.918 Thread 0x000001d3a5c0ad60 Exception <a 'java/lang/ClassNotFoundException'{0x0000000089bf2230}: com/ccsw/bidoffice/offerteamperson/model/OfferTeamPersonDtoCustomizer> (0x0000000089bf2230) 
thrown [./open/src/hotspot/share/classfile/systemDictionary.cpp, line 295]
Event: 42.932 Thread 0x000001d3a5c0ad60 Exception <a 'java/lang/ClassNotFoundException'{0x0000000089a857f0}: com/ccsw/bidoffice/person/model/PersonEntityBeanInfo> (0x0000000089a857f0) 
thrown [./open/src/hotspot/share/classfile/systemDictionary.cpp, line 295]
Event: 42.934 Thread 0x000001d3a5c0ad60 Exception <a 'java/lang/ClassNotFoundException'{0x0000000089a8efc8}: com/ccsw/bidoffice/person/model/PersonEntityCustomizer> (0x0000000089a8efc8) 
thrown [./open/src/hotspot/share/classfile/systemDictionary.cpp, line 295]
Event: 42.938 Thread 0x000001d3a5c0ad60 Exception <a 'java/lang/ClassNotFoundException'{0x0000000089aaa308}: com/ccsw/bidoffice/person/model/PersonDtoBeanInfo> (0x0000000089aaa308) 
thrown [./open/src/hotspot/share/classfile/systemDictionary.cpp, line 295]
Event: 42.941 Thread 0x000001d3a5c0ad60 Exception <a 'java/lang/ClassNotFoundException'{0x0000000089ab3cc0}: com/ccsw/bidoffice/person/model/PersonDtoCustomizer> (0x0000000089ab3cc0) 
thrown [./open/src/hotspot/share/classfile/systemDictionary.cpp, line 295]
Event: 42.959 Thread 0x000001d3a5c0ad60 Exception <a 'java/lang/ClassNotFoundException'{0x000000008994b110}: com/ccsw/bidoffice/offertechnology/model/OfferTechnologyEntityBeanInfo> (0x000000008994b110) 
thrown [./open/src/hotspot/share/classfile/systemDictionary.cpp, line 295]
Event: 42.962 Thread 0x000001d3a5c0ad60 Exception <a 'java/lang/ClassNotFoundException'{0x0000000089954c20}: com/ccsw/bidoffice/offertechnology/model/OfferTechnologyEntityCustomizer> (0x0000000089954c20) 
thrown [./open/src/hotspot/share/classfile/systemDictionary.cpp, line 295]
Event: 42.967 Thread 0x000001d3a5c0ad60 Exception <a 'java/lang/ClassNotFoundException'{0x0000000089966d90}: com/ccsw/bidoffice/offertechnology/model/OfferTechnologyDtoBeanInfo> (0x0000000089966d90) 
thrown [./open/src/hotspot/share/classfile/systemDictionary.cpp, line 295]
Event: 42.970 Thread 0x000001d3a5c0ad60 Exception <a 'java/lang/ClassNotFoundException'{0x0000000089970748}: com/ccsw/bidoffice/offertechnology/model/OfferTechnologyDtoCustomizer> (0x0000000089970748) 
thrown [./open/src/hotspot/share/classfile/systemDictionary.cpp, line 295]
Event: 42.993 Thread 0x000001d3a5c0ad60 Exception <a 'java/lang/ClassNotFoundException'{0x0000000089819030}: com/ccsw/bidoffice/technology/model/TechnologyEntityBeanInfo> (0x0000000089819030) 
thrown [./open/src/hotspot/share/classfile/systemDictionary.cpp, line 295]
Event: 42.997 Thread 0x000001d3a5c0ad60 Exception <a 'java/lang/ClassNotFoundException'{0x0000000089822bd8}: com/ccsw/bidoffice/technology/model/TechnologyEntityCustomizer> (0x0000000089822bd8) 
thrown [./open/src/hotspot/share/classfile/systemDictionary.cpp, line 295]
Event: 43.002 Thread 0x000001d3a5c0ad60 Exception <a 'java/lang/ClassNotFoundException'{0x00000000898345e0}: com/ccsw/bidoffice/technology/model/TechnologyDtoBeanInfo> (0x00000000898345e0) 
thrown [./open/src/hotspot/share/classfile/systemDictionary.cpp, line 295]
Event: 43.006 Thread 0x000001d3a5c0ad60 Exception <a 'java/lang/ClassNotFoundException'{0x000000008983e378}: com/ccsw/bidoffice/technology/model/TechnologyDtoCustomizer> (0x000000008983e378) 
thrown [./open/src/hotspot/share/classfile/systemDictionary.cpp, line 295]
Event: 43.022 Thread 0x000001d3a5c0ad60 Exception <a 'java/lang/ClassNotFoundException'{0x0000000089896c30}: com/ccsw/bidoffice/offertracing/model/OfferTracingEntityBeanInfo> (0x0000000089896c30) 
thrown [./open/src/hotspot/share/classfile/systemDictionary.cpp, line 295]
Event: 43.025 Thread 0x000001d3a5c0ad60 Exception <a 'java/lang/ClassNotFoundException'{0x00000000898a04e8}: com/ccsw/bidoffice/offertracing/model/OfferTracingEntityCustomizer> (0x00000000898a04e8) 
thrown [./open/src/hotspot/share/classfile/systemDictionary.cpp, line 295]
Event: 43.029 Thread 0x000001d3a5c0ad60 Exception <a 'java/lang/ClassNotFoundException'{0x00000000898b5020}: com/ccsw/bidoffice/offertracing/model/OfferTracingDtoBeanInfo> (0x00000000898b5020) 
thrown [./open/src/hotspot/share/classfile/systemDictionary.cpp, line 295]
Event: 43.033 Thread 0x000001d3a5c0ad60 Exception <a 'java/lang/ClassNotFoundException'{0x00000000898be7b8}: com/ccsw/bidoffice/offertracing/model/OfferTracingDtoCustomizer> (0x00000000898be7b8) 
thrown [./open/src/hotspot/share/classfile/systemDictionary.cpp, line 295]

Events (20 events):
Event: 617.112 Executing VM operation: GetFrameCount
Event: 617.112 Executing VM operation: GetFrameCount done
Event: 620.704 Executing VM operation: RedefineClasses
Event: 620.760 Executing VM operation: RedefineClasses done
Event: 620.784 Executing VM operation: ChangeBreakpoints
Event: 620.787 Executing VM operation: ChangeBreakpoints done
Event: 620.809 Executing VM operation: ChangeBreakpoints
Event: 620.812 Executing VM operation: ChangeBreakpoints done
Event: 620.832 Executing VM operation: ChangeBreakpoints
Event: 620.834 Executing VM operation: ChangeBreakpoints done
Event: 620.853 Executing VM operation: ChangeBreakpoints
Event: 620.858 Executing VM operation: ChangeBreakpoints done
Event: 620.860 Executing VM operation: GetFrameCount
Event: 620.860 Executing VM operation: GetFrameCount done
Event: 620.860 Executing VM operation: GetStackTrace
Event: 620.861 Executing VM operation: GetStackTrace done
Event: 620.888 Executing VM operation: GetFrameCount
Event: 620.888 Executing VM operation: GetFrameCount done
Event: 627.381 Executing VM operation: GetFrameLocation
Event: 627.381 Executing VM operation: GetFrameLocation done


Dynamic libraries:
0x00007ff73ee60000 - 0x00007ff73ee6f000 	C:\Program Files\Java\jdk-15.0.2\bin\javaw.exe
0x00007ffcc0910000 - 0x00007ffcc0b08000 	C:\WINDOWS\SYSTEM32\ntdll.dll
0x00007ffcbfdc0000 - 0x00007ffcbfe7d000 	C:\WINDOWS\System32\KERNEL32.DLL
0x00007ffcbe470000 - 0x00007ffcbe73e000 	C:\WINDOWS\System32\KERNELBASE.dll
0x00007ffcbe270000 - 0x00007ffcbe370000 	C:\WINDOWS\System32\ucrtbase.dll
0x00007ffcbb780000 - 0x00007ffcbb799000 	C:\Program Files\Java\jdk-15.0.2\bin\VCRUNTIME140.dll
0x00007ffcb6be0000 - 0x00007ffcb6bf8000 	C:\Program Files\Java\jdk-15.0.2\bin\jli.dll
0x00007ffcbec50000 - 0x00007ffcbecfe000 	C:\WINDOWS\System32\ADVAPI32.dll
0x00007ffcbfc20000 - 0x00007ffcbfcbe000 	C:\WINDOWS\System32\msvcrt.dll
0x00007ffcbed00000 - 0x00007ffcbed9c000 	C:\WINDOWS\System32\sechost.dll
0x00007ffcc0320000 - 0x00007ffcc0445000 	C:\WINDOWS\System32\RPCRT4.dll
0x00007ffcbe970000 - 0x00007ffcbeb10000 	C:\WINDOWS\System32\USER32.dll
0x00007ffcbe0e0000 - 0x00007ffcbe102000 	C:\WINDOWS\System32\win32u.dll
0x00007ffcbeda0000 - 0x00007ffcbedca000 	C:\WINDOWS\System32\GDI32.dll
0x00007ffcbe810000 - 0x00007ffcbe91b000 	C:\WINDOWS\System32\gdi32full.dll
0x00007ffc9eb70000 - 0x00007ffc9ee0a000 	C:\WINDOWS\WinSxS\amd64_microsoft.windows.common-controls_6595b64144ccf1df_6.0.19041.1110_none_60b5254171f9507e\COMCTL32.dll
0x00007ffcbe740000 - 0x00007ffcbe7dd000 	C:\WINDOWS\System32\msvcp_win.dll
0x00007ffcadbd0000 - 0x00007ffcadbda000 	C:\WINDOWS\SYSTEM32\VERSION.dll
0x00007ffcbff30000 - 0x00007ffcbff60000 	C:\WINDOWS\System32\IMM32.DLL
0x000001d3824c0000 - 0x000001d3824d4000 	C:\WINDOWS\System32\umppc15610.dll
0x00007ffcbd910000 - 0x00007ffcbda14000 	C:\Program Files\Avecto\Privilege Guard Client\PGHook.dll
0x00007ffcb58f0000 - 0x00007ffcb58fc000 	C:\Program Files\Java\jdk-15.0.2\bin\vcruntime140_1.dll
0x00007ffc9b3e0000 - 0x00007ffc9b471000 	C:\Program Files\Java\jdk-15.0.2\bin\msvcp140.dll
0x00007ffc548d0000 - 0x00007ffc5542e000 	C:\Program Files\Java\jdk-15.0.2\bin\server\jvm.dll
0x00007ffcbf450000 - 0x00007ffcbf458000 	C:\WINDOWS\System32\PSAPI.DLL
0x00007ffcb6ec0000 - 0x00007ffcb6ec9000 	C:\WINDOWS\SYSTEM32\WSOCK32.dll
0x00007ffcbfbb0000 - 0x00007ffcbfc1b000 	C:\WINDOWS\System32\WS2_32.dll
0x00007ffca5910000 - 0x00007ffca5937000 	C:\WINDOWS\SYSTEM32\WINMM.dll
0x00007ffcbc770000 - 0x00007ffcbc782000 	C:\WINDOWS\SYSTEM32\kernel.appcore.dll
0x00007ffcb5700000 - 0x00007ffcb570a000 	C:\Program Files\Java\jdk-15.0.2\bin\jimage.dll
0x00007ffcb8520000 - 0x00007ffcb8704000 	C:\WINDOWS\SYSTEM32\DBGHELP.DLL
0x00007ffca4430000 - 0x00007ffca445c000 	C:\WINDOWS\SYSTEM32\dbgcore.DLL
0x00007ffcbe370000 - 0x00007ffcbe3f2000 	C:\WINDOWS\System32\bcryptPrimitives.dll
0x00007ffcab550000 - 0x00007ffcab589000 	C:\Program Files\Java\jdk-15.0.2\bin\jdwp.dll
0x00007ffcb56f0000 - 0x00007ffcb56fe000 	C:\Program Files\Java\jdk-15.0.2\bin\instrument.dll
0x00007ffca9a10000 - 0x00007ffca9a35000 	C:\Program Files\Java\jdk-15.0.2\bin\java.dll
0x00007ffcbf460000 - 0x00007ffcbfba4000 	C:\WINDOWS\System32\SHELL32.dll
0x00007ffcbbfc0000 - 0x00007ffcbc754000 	C:\WINDOWS\SYSTEM32\windows.storage.dll
0x00007ffcbf040000 - 0x00007ffcbf394000 	C:\WINDOWS\System32\combase.dll
0x00007ffcbda90000 - 0x00007ffcbdac0000 	C:\WINDOWS\SYSTEM32\Wldp.dll
0x00007ffcbfe80000 - 0x00007ffcbff2d000 	C:\WINDOWS\System32\SHCORE.dll
0x00007ffcbeb70000 - 0x00007ffcbebc5000 	C:\WINDOWS\System32\shlwapi.dll
0x00007ffcbdf70000 - 0x00007ffcbdf8f000 	C:\WINDOWS\SYSTEM32\profapi.dll
0x00007ffcac4f0000 - 0x00007ffcac4fb000 	C:\Program Files\Java\jdk-15.0.2\bin\dt_socket.dll
0x00007ffcbd360000 - 0x00007ffcbd39b000 	C:\WINDOWS\SYSTEM32\IPHLPAPI.DLL
0x00007ffcbd670000 - 0x00007ffcbd6da000 	C:\WINDOWS\system32\mswsock.dll
0x00007ffcbd3a0000 - 0x00007ffcbd46a000 	C:\WINDOWS\SYSTEM32\DNSAPI.dll
0x00007ffcc0450000 - 0x00007ffcc0458000 	C:\WINDOWS\System32\NSI.dll
0x00007ffcac930000 - 0x00007ffcac93a000 	C:\Windows\System32\rasadhlp.dll
0x00007ffcb7780000 - 0x00007ffcb7800000 	C:\WINDOWS\System32\fwpuclnt.dll
0x00007ffcbe7e0000 - 0x00007ffcbe807000 	C:\WINDOWS\System32\bcrypt.dll
0x00007ffcaa1d0000 - 0x00007ffcaa1e8000 	C:\Program Files\Java\jdk-15.0.2\bin\zip.dll
0x00007ffcaa0b0000 - 0x00007ffcaa0c9000 	C:\Program Files\Java\jdk-15.0.2\bin\net.dll
0x00007ffcacc80000 - 0x00007ffcacd8a000 	C:\WINDOWS\SYSTEM32\WINHTTP.dll
0x00007ffca9bb0000 - 0x00007ffca9bc2000 	C:\Program Files\Java\jdk-15.0.2\bin\nio.dll
0x00007ffcac4c0000 - 0x00007ffcac4d0000 	C:\Program Files\Java\jdk-15.0.2\bin\verify.dll
0x00007ffcb68f0000 - 0x00007ffcb6907000 	C:\WINDOWS\SYSTEM32\dhcpcsvc6.DLL
0x00007ffcb68c0000 - 0x00007ffcb68dd000 	C:\WINDOWS\SYSTEM32\dhcpcsvc.DLL
0x00007ffcac470000 - 0x00007ffcac479000 	C:\Program Files\Java\jdk-15.0.2\bin\management.dll
0x00007ffcab3c0000 - 0x00007ffcab3cb000 	C:\Program Files\Java\jdk-15.0.2\bin\management_ext.dll
0x00007ffca9840000 - 0x00007ffca9857000 	C:\WINDOWS\system32\napinsp.dll
0x00007ffca9820000 - 0x00007ffca983b000 	C:\WINDOWS\system32\pnrpnsp.dll
0x00007ffcb8b00000 - 0x00007ffcb8b15000 	C:\WINDOWS\system32\wshbth.dll
0x00007ffcb9f70000 - 0x00007ffcb9f8d000 	C:\WINDOWS\system32\NLAapi.dll
0x00007ffca9860000 - 0x00007ffca9872000 	C:\WINDOWS\System32\winrnr.dll
0x00007ffcbd870000 - 0x00007ffcbd888000 	C:\WINDOWS\SYSTEM32\CRYPTSP.dll
0x00007ffcbcff0000 - 0x00007ffcbd024000 	C:\WINDOWS\system32\rsaenh.dll
0x00007ffcbdf30000 - 0x00007ffcbdf5e000 	C:\WINDOWS\SYSTEM32\USERENV.dll
0x00007ffcbd860000 - 0x00007ffcbd86c000 	C:\WINDOWS\SYSTEM32\CRYPTBASE.dll
0x00007ffcaa9a0000 - 0x00007ffcaa9ad000 	C:\Program Files\Java\jdk-15.0.2\bin\sunmscapi.dll
0x00007ffcbe110000 - 0x00007ffcbe266000 	C:\WINDOWS\System32\CRYPT32.dll
0x00007ffcbdb00000 - 0x00007ffcbdb27000 	C:\WINDOWS\SYSTEM32\ncrypt.dll
0x00007ffcbdac0000 - 0x00007ffcbdafb000 	C:\WINDOWS\SYSTEM32\NTASN1.dll

dbghelp: loaded successfully - version: 4.0.5 - missing functions: none
symbol engine: initialized successfully - sym options: 0x614 - pdb path: .;C:\Program Files\Java\jdk-15.0.2\bin;C:\WINDOWS\SYSTEM32;C:\WINDOWS\WinSxS\amd64_microsoft.windows.common-controls_6595b64144ccf1df_6.0.19041.1110_none_60b5254171f9507e;C:\Program Files\Avecto\Privilege Guard Client;C:\Program Files\Java\jdk-15.0.2\bin\server

VM Arguments:
jvm_args: -XX:+ShowCodeDetailsInExceptionMessages -agentlib:jdwp=transport=dt_socket,suspend=y,address=localhost:64491 -ea -javaagent:C:\Users\aelmouss\eclipse\java-2021-09\eclipse\configuration\org.eclipse.osgi\222\0\.cp\lib\javaagent-shaded.jar -Dfile.encoding=UTF-8 
java_command: org.eclipse.jdt.internal.junit.runner.RemoteTestRunner -version 3 -port 64490 -testLoaderClass org.eclipse.jdt.internal.junit5.runner.JUnit5TestLoader -loaderpluginname org.eclipse.jdt.junit5.runtime -test com.ccsw.bidoffice.offer.OfferIT:modifyStatusWithValidStatusChangeShouldOffer -uniqueId [engine:junit-jupiter]/[class:com.ccsw.bidoffice.offer.OfferIT]/[method:modifyStatusWithValidStatusChangeShouldOffer()]
java_class_path (initial): C:\BidOffice\bidoffice-server\target\test-classes;C:\BidOffice\bidoffice-server\target\classes;C:\Users\aelmouss\.m2\repository\org\springframework\boot\spring-boot-starter-web\2.6.8\spring-boot-starter-web-2.6.8.jar;C:\Users\aelmouss\.m2\repository\org\springframework\boot\spring-boot-starter\2.6.8\spring-boot-starter-2.6.8.jar;C:\Users\aelmouss\.m2\repository\org\springframework\boot\spring-boot\2.6.8\spring-boot-2.6.8.jar;C:\Users\aelmouss\.m2\repository\org\springframework\boot\spring-boot-autoconfigure\2.6.8\spring-boot-autoconfigure-2.6.8.jar;C:\Users\aelmouss\.m2\repository\org\springframework\boot\spring-boot-starter-logging\2.6.8\spring-boot-starter-logging-2.6.8.jar;C:\Users\aelmouss\.m2\repository\ch\qos\logback\logback-classic\1.2.11\logback-classic-1.2.11.jar;C:\Users\aelmouss\.m2\repository\ch\qos\logback\logback-core\1.2.11\logback-core-1.2.11.jar;C:\Users\aelmouss\.m2\repository\org\apache\logging\log4j\log4j-to-slf4j\2.17.2\log4j-to-slf4j-2.17.2.jar;C:\Users\aelmouss\.m2\repository\org\apache\logging\log4j\log4j-api\2.17.2\log4j-api-2.17.2.jar;C:\Users\aelmouss\.m2\repository\org\slf4j\jul-to-slf4j\1.7.36\jul-to-slf4j-1.7.36.jar;C:\Users\aelmouss\.m2\repository\jakarta\annotation\jakarta.annotation-api\1.3.5\jakarta.annotation-api-1.3.5.jar;C:\Users\aelmouss\.m2\repository\org\yaml\snakeyaml\1.29\snakeyaml-1.29.jar;C:\Users\aelmouss\.m2\repository\org\springframework\boot\spring-boot-starter-json\2.6.8\spring-boot-starter-json-2.6.8.jar;C:\Users\aelmouss\.m2\repository\com\fasterxml\jackson\datatype\jackson-datatype-jdk8\2.13.3\jackson-datatype-jdk8-2.13.3.jar;C:\Users\aelmouss\.m2\repository\com\fasterxml\jackson\datatype\jackson-datatype-jsr310\2.13.3\jackson-datatype-jsr310-2.13.3.jar;C:\Users\aelmouss\.m2\repository\com\fasterxml\jackson\module\jackson-module-parameter-names\2.13.3\jackson-module-parameter-names-2.13.3.jar;C:\Users\aelmouss\.m2\repository\org\springframework\boot\spring-boot-starter-tomcat\2.6.8\spri
Launcher Type: SUN_STANDARD

[Global flags]
     intx CICompilerCount                          = 4                                         {product} {ergonomic}
     uint ConcGCThreads                            = 2                                         {product} {ergonomic}
     uint G1ConcRefinementThreads                  = 8                                         {product} {ergonomic}
   size_t G1HeapRegionSize                         = 1048576                                   {product} {ergonomic}
    uintx GCDrainStackTargetSize                   = 64                                        {product} {ergonomic}
   size_t InitialHeapSize                          = 132120576                                 {product} {ergonomic}
   size_t MarkStackSize                            = 4194304                                   {product} {ergonomic}
   size_t MaxHeapSize                              = 2097152000                                {product} {ergonomic}
   size_t MaxNewSize                               = 1258291200                                {product} {ergonomic}
   size_t MinHeapDeltaBytes                        = 1048576                                   {product} {ergonomic}
   size_t MinHeapSize                              = 8388608                                   {product} {ergonomic}
    uintx NonNMethodCodeHeapSize                   = 5839372                                {pd product} {ergonomic}
    uintx NonProfiledCodeHeapSize                  = 122909434                              {pd product} {ergonomic}
    uintx ProfiledCodeHeapSize                     = 122909434                              {pd product} {ergonomic}
    uintx ReservedCodeCacheSize                    = 251658240                              {pd product} {ergonomic}
     bool SegmentedCodeCache                       = true                                      {product} {ergonomic}
     bool ShowCodeDetailsInExceptionMessages       = true                                   {manageable} {command line}
   size_t SoftMaxHeapSize                          = 2097152000                             {manageable} {ergonomic}
     bool UseCompressedClassPointers               = true                                 {lp64_product} {ergonomic}
     bool UseCompressedOops                        = true                                 {lp64_product} {ergonomic}
     bool UseG1GC                                  = true                                      {product} {ergonomic}
     bool UseLargePagesIndividualAllocation        = false                                  {pd product} {ergonomic}

Logging:
Log output configuration:
 #0: stdout all=warning uptime,level,tags
 #1: stderr all=off uptime,level,tags

Environment Variables:
JAVA_HOME=C:\Program Files\Java\jdk1.8.0_202
PATH=C:\Program Files\Common Files\Oracle\Java\javapath;C:\Program Files (x86)\Common Files\Oracle\Java\javapath;C:\Program Files\AdoptOpenJDK\jdk-15.0.0.36-hotspot\bin;C:\WINDOWS\system32;C:\WINDOWS;C:\WINDOWS\System32\Wbem;C:\WINDOWS\System32\WindowsPowerShell\v1.0\;C:\WINDOWS\System32\OpenSSH\;C:\Program Files\nodejs\;C:\Program Files\Java\jdk1.8.0_202\bin;C:\Program Files\Java\jdk1.8.0_202\bin;C:\Users\aelmouss\AppData\Local\Microsoft\WindowsApps;C:\Users\aelmouss\AppData\Local\Programs\Microsoft VS Code\bin;C:\Users\aelmouss\AppData\Roaming\npm;C:\Users\aelmouss\AppData\Local\Programs\Git\cmd;C:\Users\aelmouss\AppData\Local\Programs\Git\mingw64\bin;C:\Users\aelmouss\AppData\Local\Programs\Git\usr\bin
USERNAME=aelmouss
OS=Windows_NT
PROCESSOR_IDENTIFIER=Intel64 Family 6 Model 142 Stepping 12, GenuineIntel



---------------  S Y S T E M  ---------------

OS:
 Windows 10 , 64 bit Build 19041 (10.0.19041.1889)
OS uptime: 3 days 0:04 hours

CPU: total 8 (initial active 8) (4 cores per cpu, 2 threads per core) family 6 model 142 stepping 12 microcode 0xea, cmov, cx8, fxsr, mmx, sse, sse2, sse3, ssse3, sse4.1, sse4.2, popcnt, vzeroupper, avx, avx2, aes, clmul, erms, 3dnowpref, lzcnt, ht, tsc, tscinvbit, bmi1, bmi2, adx, fma, clflush, clflushopt

Memory: 4k page, system-wide physical 7998M (534M free)
TotalPageFile size 15678M (AvailPageFile size 2304M)
current process WorkingSet (physical memory assigned to process): 338M, peak: 495M
current process commit charge ("private bytes"): 379M, peak: 540M

vm_info: Java HotSpot(TM) 64-Bit Server VM (15.0.2+7-27) for windows-amd64 JRE (15.0.2+7-27), built on Dec  7 2020 20:07:01 by "mach5one" with unknown MS VC++:1925

END.
